[14Dec2024 00:01:09.159] [Server thread/INFO] [net.minecraft.server.MinecraftServer/]: [Not Secure] <AssaGM> listo
[14Dec2024 00:01:12.135] [Server thread/INFO] [net.minecraft.server.MinecraftServer/]: [Not Secure] <AssaGM> hce lo que querras
[14Dec2024 00:01:13.187] [Server thread/INFO] [net.minecraft.server.network.ServerGamePacketListenerImpl/]: AssaGM lost connection: Disconnected
[14Dec2024 00:01:13.188] [Server thread/INFO] [net.minecraft.server.MinecraftServer/]: AssaGM left the game
[14Dec2024 00:01:18.128] [Server thread/INFO] [net.minecraft.server.network.ServerGamePacketListenerImpl/]: YermanPC lost connection: Disconnected
[14Dec2024 00:01:18.128] [Server thread/INFO] [net.minecraft.server.MinecraftServer/]: YermanPC left the game
[14Dec2024 00:01:25.919] [Server thread/INFO] [net.minecraft.server.MinecraftServer/]: Stopping the server
[14Dec2024 00:01:25.968] [Server thread/INFO] [com.teampotato.redirector.Redirector/]: Redirecting ovh/corail/tombstone/helper/SupportStructures
[14Dec2024 00:01:25.972] [Server thread/INFO] [HammerLib/]: Purging cache from 0 HL recipe registries.
[14Dec2024 00:01:25.986] [Server thread/INFO] [net.minecraft.server.MinecraftServer/]: Stopping server
[14Dec2024 00:01:25.987] [Server thread/INFO] [net.minecraft.server.MinecraftServer/]: Saving players
[14Dec2024 00:01:25.987] [Server thread/INFO] [net.minecraft.server.MinecraftServer/]: Saving worlds
[14Dec2024 00:01:26.040] [Server thread/INFO] [net.minecraft.server.MinecraftServer/]: Saving chunks for level 'ServerLevel[world]'/minecraft:overworld
[14Dec2024 00:01:26.136] [Server thread/INFO] [net.minecraft.server.MinecraftServer/]: Saving chunks for level 'ServerLevel[world]'/ad_astra:earth_orbit
[14Dec2024 00:01:26.137] [Server thread/INFO] [net.minecraft.server.MinecraftServer/]: Saving chunks for level 'ServerLevel[world]'/ad_astra:mercury_orbit
[14Dec2024 00:01:26.137] [Server thread/INFO] [net.minecraft.server.MinecraftServer/]: Saving chunks for level 'ServerLevel[world]'/ad_astra:moon
[14Dec2024 00:01:26.138] [Server thread/INFO] [net.minecraft.server.MinecraftServer/]: Saving chunks for level 'ServerLevel[world]'/ad_astra:venus_orbit
[14Dec2024 00:01:26.139] [Server thread/INFO] [net.minecraft.server.MinecraftServer/]: Saving chunks for level 'ServerLevel[world]'/minecraft:the_nether
[14Dec2024 00:01:26.141] [Server thread/INFO] [net.minecraft.server.MinecraftServer/]: Saving chunks for level 'ServerLevel[world]'/ad_astra:glacio_orbit
[14Dec2024 00:01:26.142] [Server thread/INFO] [net.minecraft.server.MinecraftServer/]: Saving chunks for level 'ServerLevel[world]'/ulterlands:parapax
[14Dec2024 00:01:26.142] [Server thread/INFO] [net.minecraft.server.MinecraftServer/]: Saving chunks for level 'ServerLevel[world]'/ulterlands:ulterlands_dimension
[14Dec2024 00:01:26.143] [Server thread/INFO] [net.minecraft.server.MinecraftServer/]: Saving chunks for level 'ServerLevel[world]'/vtubruhlotrmobs:isengard
[14Dec2024 00:01:26.143] [Server thread/INFO] [net.minecraft.server.MinecraftServer/]: Saving chunks for level 'ServerLevel[world]'/ad_astra:moon_orbit
[14Dec2024 00:01:26.144] [Server thread/INFO] [net.minecraft.server.MinecraftServer/]: Saving chunks for level 'ServerLevel[world]'/ad_astra:venus
[14Dec2024 00:01:26.144] [Server thread/INFO] [net.minecraft.server.MinecraftServer/]: Saving chunks for level 'ServerLevel[world]'/ad_astra:mercury
[14Dec2024 00:01:26.145] [Server thread/INFO] [net.minecraft.server.MinecraftServer/]: Saving chunks for level 'ServerLevel[world]'/ad_astra:glacio
[14Dec2024 00:01:26.145] [Server thread/INFO] [net.minecraft.server.MinecraftServer/]: Saving chunks for level 'ServerLevel[world]'/ad_astra:mars
[14Dec2024 00:01:26.146] [Server thread/INFO] [net.minecraft.server.MinecraftServer/]: Saving chunks for level 'ServerLevel[world]'/ad_astra:mars_orbit
[14Dec2024 00:01:26.147] [Server thread/INFO] [net.minecraft.server.MinecraftServer/]: Saving chunks for level 'ServerLevel[world]'/minecraft:the_end
[14Dec2024 00:01:26.282] [Server thread/INFO] [net.minecraft.server.MinecraftServer/]: ThreadedAnvilChunkStorage (world): All chunks are saved
[14Dec2024 00:01:26.282] [Server thread/INFO] [net.minecraft.server.MinecraftServer/]: ThreadedAnvilChunkStorage (earth_orbit): All chunks are saved
[14Dec2024 00:01:26.282] [Server thread/INFO] [net.minecraft.server.MinecraftServer/]: ThreadedAnvilChunkStorage (mercury_orbit): All chunks are saved
[14Dec2024 00:01:26.283] [Server thread/INFO] [net.minecraft.server.MinecraftServer/]: ThreadedAnvilChunkStorage (moon): All chunks are saved
[14Dec2024 00:01:26.283] [Server thread/INFO] [net.minecraft.server.MinecraftServer/]: ThreadedAnvilChunkStorage (venus_orbit): All chunks are saved
[14Dec2024 00:01:26.283] [Server thread/INFO] [net.minecraft.server.MinecraftServer/]: ThreadedAnvilChunkStorage (DIM-1): All chunks are saved
[14Dec2024 00:01:26.283] [Server thread/INFO] [net.minecraft.server.MinecraftServer/]: ThreadedAnvilChunkStorage (glacio_orbit): All chunks are saved
[14Dec2024 00:01:26.283] [Server thread/INFO] [net.minecraft.server.MinecraftServer/]: ThreadedAnvilChunkStorage (parapax): All chunks are saved
[14Dec2024 00:01:26.283] [Server thread/INFO] [net.minecraft.server.MinecraftServer/]: ThreadedAnvilChunkStorage (ulterlands_dimension): All chunks are saved
[14Dec2024 00:01:26.283] [Server thread/INFO] [net.minecraft.server.MinecraftServer/]: ThreadedAnvilChunkStorage (isengard): All chunks are saved
[14Dec2024 00:01:26.283] [Server thread/INFO] [net.minecraft.server.MinecraftServer/]: ThreadedAnvilChunkStorage (moon_orbit): All chunks are saved
[14Dec2024 00:01:26.283] [Server thread/INFO] [net.minecraft.server.MinecraftServer/]: ThreadedAnvilChunkStorage (venus): All chunks are saved
[14Dec2024 00:01:26.283] [Server thread/INFO] [net.minecraft.server.MinecraftServer/]: ThreadedAnvilChunkStorage (mercury): All chunks are saved
[14Dec2024 00:01:26.283] [Server thread/INFO] [net.minecraft.server.MinecraftServer/]: ThreadedAnvilChunkStorage (glacio): All chunks are saved
[14Dec2024 00:01:26.283] [Server thread/INFO] [net.minecraft.server.MinecraftServer/]: ThreadedAnvilChunkStorage (mars): All chunks are saved
[14Dec2024 00:01:26.283] [Server thread/INFO] [net.minecraft.server.MinecraftServer/]: ThreadedAnvilChunkStorage (mars_orbit): All chunks are saved
[14Dec2024 00:01:26.284] [Server thread/INFO] [net.minecraft.server.MinecraftServer/]: ThreadedAnvilChunkStorage (DIM1): All chunks are saved
[14Dec2024 00:01:26.284] [Server thread/INFO] [net.minecraft.server.MinecraftServer/]: ThreadedAnvilChunkStorage: All dimensions are saved
[14Dec2024 00:01:26.380] [Server thread/INFO] [Calio/]: Removing Dynamic Registries for: net.minecraft.server.dedicated.DedicatedServer@1eadb60c
[14Dec2024 00:01:26.381] [Server thread/INFO] [Framework/]: Unloading server configs...
[14Dec2024 00:01:26.387] [Config Watcher/INFO] [Puzzles Lib/]: Unloading server config for leavesbegone
